<?xml version="1.0" encoding="UTF-8" ?>
<testsuite failures="0" time="3.326" errors="0" skipped="0" tests="4" name="net.vvakame.util.jsonpullparser.factory.JsonAnnotationProcessorTest">
  <properties>
    <property name="java.runtime.name" value="Java(TM) SE Runtime Environment"/>
    <property name="sun.boot.library.path" value="/System/Library/Java/JavaVirtualMachines/1.6.0.jdk/Contents/Libraries"/>
    <property name="java.vm.version" value="17.1-b03-307"/>
    <property name="awt.nativeDoubleBuffering" value="true"/>
    <property name="gopherProxySet" value="false"/>
    <property name="mrj.build" value="10M3261"/>
    <property name="java.vm.vendor" value="Apple Inc."/>
    <property name="java.vendor.url" value="http://www.apple.com/"/>
    <property name="path.separator" value=":"/>
    <property name="java.vm.name" value="Java HotSpot(TM) 64-Bit Server VM"/>
    <property name="file.encoding.pkg" value="sun.io"/>
    <property name="user.country" value="JP"/>
    <property name="sun.java.launcher" value="SUN_STANDARD"/>
    <property name="sun.os.patch.level" value="unknown"/>
    <property name="java.vm.specification.name" value="Java Virtual Machine Specification"/>
    <property name="user.dir" value="/Users/vvakame/Dropbox/work/JsonPullParser/jsonpullparser-apt"/>
    <property name="java.runtime.version" value="1.6.0_22-b04-307-10M3261"/>
    <property name="java.awt.graphicsenv" value="apple.awt.CGraphicsEnvironment"/>
    <property name="basedir" value="/Users/vvakame/Dropbox/work/JsonPullParser/jsonpullparser-apt"/>
    <property name="java.endorsed.dirs" value="/System/Library/Java/JavaVirtualMachines/1.6.0.jdk/Contents/Home/lib/endorsed"/>
    <property name="os.arch" value="x86_64"/>
    <property name="surefire.real.class.path" value="/var/folders/Xn/Xnyz9fVRGTGRFzcXg2ygXE+++TI/-Tmp-/surefirebooter7849903618993898508.jar"/>
    <property name="java.io.tmpdir" value="/var/folders/Xn/Xnyz9fVRGTGRFzcXg2ygXE+++TI/-Tmp-/"/>
    <property name="line.separator" value="
"/>
    <property name="java.vm.specification.vendor" value="Sun Microsystems Inc."/>
    <property name="os.name" value="Mac OS X"/>
    <property name="sun.jnu.encoding" value="SJIS"/>
    <property name="java.library.path" value=".:/Library/Java/Extensions:/System/Library/Java/Extensions:/usr/lib/java"/>
    <property name="surefire.test.class.path" value="/Users/vvakame/Dropbox/work/JsonPullParser/jsonpullparser-apt/target/test-classes:/Users/vvakame/Dropbox/work/JsonPullParser/jsonpullparser-apt/target/classes:/Users/vvakame/Dropbox/work/JsonPullParser/jsonpullparser-core/target/jsonpullparser-core-0.3-SNAPSHOT.jar:/Users/vvakame/.m2/repository/org/seasar/aptina/aptina-commons/1.0.0/aptina-commons-1.0.0.jar:/Users/vvakame/.m2/repository/org/seasar/aptina/aptina-unit/1.0.0/aptina-unit-1.0.0.jar:/Users/vvakame/.m2/repository/junit/junit/4.8.1/junit-4.8.1.jar:/Users/vvakame/.m2/repository/org/mvel/mvel2/2.0.19/mvel2-2.0.19.jar:/Users/vvakame/.m2/repository/org/hamcrest/hamcrest-library/1.1/hamcrest-library-1.1.jar:/Users/vvakame/.m2/repository/org/hamcrest/hamcrest-core/1.1/hamcrest-core-1.1.jar:"/>
    <property name="java.specification.name" value="Java Platform API Specification"/>
    <property name="java.class.version" value="50.0"/>
    <property name="sun.management.compiler" value="HotSpot 64-Bit Server Compiler"/>
    <property name="os.version" value="10.6.6"/>
    <property name="http.nonProxyHosts" value="local|*.local|169.254/16|*.169.254/16"/>
    <property name="user.home" value="/Users/vvakame"/>
    <property name="user.timezone" value=""/>
    <property name="java.awt.printerjob" value="apple.awt.CPrinterJob"/>
    <property name="java.specification.version" value="1.6"/>
    <property name="file.encoding" value="SJIS"/>
    <property name="user.name" value="vvakame"/>
    <property name="java.class.path" value="/Users/vvakame/Dropbox/work/JsonPullParser/jsonpullparser-apt/target/test-classes:/Users/vvakame/Dropbox/work/JsonPullParser/jsonpullparser-apt/target/classes:/Users/vvakame/Dropbox/work/JsonPullParser/jsonpullparser-core/target/jsonpullparser-core-0.3-SNAPSHOT.jar:/Users/vvakame/.m2/repository/org/seasar/aptina/aptina-commons/1.0.0/aptina-commons-1.0.0.jar:/Users/vvakame/.m2/repository/org/seasar/aptina/aptina-unit/1.0.0/aptina-unit-1.0.0.jar:/Users/vvakame/.m2/repository/junit/junit/4.8.1/junit-4.8.1.jar:/Users/vvakame/.m2/repository/org/mvel/mvel2/2.0.19/mvel2-2.0.19.jar:/Users/vvakame/.m2/repository/org/hamcrest/hamcrest-library/1.1/hamcrest-library-1.1.jar:/Users/vvakame/.m2/repository/org/hamcrest/hamcrest-core/1.1/hamcrest-core-1.1.jar:"/>
    <property name="java.vm.specification.version" value="1.0"/>
    <property name="sun.arch.data.model" value="64"/>
    <property name="java.home" value="/System/Library/Java/JavaVirtualMachines/1.6.0.jdk/Contents/Home"/>
    <property name="java.specification.vendor" value="Sun Microsystems Inc."/>
    <property name="user.language" value="ja"/>
    <property name="awt.toolkit" value="apple.awt.CToolkit"/>
    <property name="java.vm.info" value="mixed mode"/>
    <property name="java.version" value="1.6.0_22"/>
    <property name="java.ext.dirs" value="/Library/Java/Extensions:/System/Library/Java/Extensions:/System/Library/Java/JavaVirtualMachines/1.6.0.jdk/Contents/Home/lib/ext"/>
    <property name="sun.boot.class.path" value="/System/Library/Java/JavaVirtualMachines/1.6.0.jdk/Contents/Classes/jsfd.jar:/System/Library/Java/JavaVirtualMachines/1.6.0.jdk/Contents/Classes/classes.jar:/System/Library/Frameworks/JavaVM.framework/Frameworks/JavaRuntimeSupport.framework/Resources/Java/JavaRuntimeSupport.jar:/System/Library/Java/JavaVirtualMachines/1.6.0.jdk/Contents/Classes/ui.jar:/System/Library/Java/JavaVirtualMachines/1.6.0.jdk/Contents/Classes/laf.jar:/System/Library/Java/JavaVirtualMachines/1.6.0.jdk/Contents/Classes/sunrsasign.jar:/System/Library/Java/JavaVirtualMachines/1.6.0.jdk/Contents/Classes/jsse.jar:/System/Library/Java/JavaVirtualMachines/1.6.0.jdk/Contents/Classes/jce.jar:/System/Library/Java/JavaVirtualMachines/1.6.0.jdk/Contents/Classes/charsets.jar"/>
    <property name="java.vendor" value="Apple Inc."/>
    <property name="localRepository" value="/Users/vvakame/.m2/repository"/>
    <property name="file.separator" value="/"/>
    <property name="java.vendor.url.bug" value="http://bugreport.apple.com/"/>
    <property name="sun.cpu.endian" value="little"/>
    <property name="sun.io.unicode.encoding" value="UnicodeLittle"/>
    <property name="mrj.version" value="1060.1.6.0_22-307"/>
    <property name="socksNonProxyHosts" value="local|*.local|169.254/16|*.169.254/16"/>
    <property name="ftp.nonProxyHosts" value="local|*.local|169.254/16|*.169.254/16"/>
    <property name="sun.cpu.isalist" value=""/>
  </properties>
  <testcase time="1.51" classname="net.vvakame.util.jsonpullparser.factory.JsonAnnotationProcessorTest" name="testForSampleData"/>
  <testcase time="0.178" classname="net.vvakame.util.jsonpullparser.factory.JsonAnnotationProcessorTest" name="testForComplexData"/>
  <testcase time="0.358" classname="net.vvakame.util.jsonpullparser.factory.JsonAnnotationProcessorTest" name="testForConverterData"/>
  <testcase time="0.962" classname="net.vvakame.util.jsonpullparser.factory.JsonAnnotationProcessorTest" name="testForTwitter"/>
</testsuite>